1649698355627	geckodriver	INFO	Listening on 127.0.0.1:48203
1649698355630	mozrunner::runner	INFO	Running command: "/usr/bin/firefox" "--marionette" "-headless" "--remote-debugging-port" "48721" "-no-remote" "-profile" "/tmp/rust_mozprofilemCADQM"
*** You are running in headless mode.
1649698355872	Marionette	INFO	Marionette enabled
[GFX1-]: RenderCompositorSWGL failed mapping default framebuffer, no dt
console.warn: SearchSettings: "get: No settings file exists, new profile?" (new NotFoundError("Could not open the file at /tmp/rust_mozprofilemCADQM/search.json.mozlz4", (void 0)))
DevTools listening on ws://localhost:48721/devtools/browser/0f2ad642-601d-474e-8f32-9947593fb2d1
1649698356515	Marionette	INFO	Listening on port 45635
1649698356554	RemoteAgent	WARN	TLS certificate errors will be ignored for this session
JavaScript error: https://www.compraspublicas.gob.ec/ProcesoContratacion/app/webroot/compras/js/lib/effects.js, line 229: TypeError: this.instances.get is not a function
console.warn: LoginRecipes: "getRecipes: falling back to a synchronous message for:" "https://www.compraspublicas.gob.ec"
console.warn: LoginRecipes: "getRecipes: falling back to a synchronous message for:" "https://www.compraspublicas.gob.ec"
JavaScript error: resource://gre/modules/LoginManagerParent.jsm, line 136: TypeError: gRecipeManager is null
JavaScript warning: https://www.compraspublicas.gob.ec/ProcesoContratacion/compras/js/lib/jquery.js, line 19: unreachable code after return statement
JavaScript warning: https://www.compraspublicas.gob.ec/ProcesoContratacion/compras/js/lib/jquery.js, line 19: unreachable code after return statement
JavaScript error: https://www.compraspublicas.gob.ec/ProcesoContratacion/compras/EP/home.cpe, line 209: TypeError: $(...) is null
JavaScript error: https://www.compraspublicas.gob.ec/ProcesoContratacion/compras/EP/home.cpe, line 217: TypeError: $(...) is null
1649699083747	geckodriver	INFO	Listening on 127.0.0.1:40809
1649699083749	mozrunner::runner	INFO	Running command: "/usr/bin/firefox" "--marionette" "-headless" "--remote-debugging-port" "49983" "-no-remote" "-profile" "/tmp/rust_mozprofileMl30E3"
*** You are running in headless mode.
1649699083989	Marionette	INFO	Marionette enabled
[GFX1-]: RenderCompositorSWGL failed mapping default framebuffer, no dt
console.warn: SearchSettings: "get: No settings file exists, new profile?" (new NotFoundError("Could not open the file at /tmp/rust_mozprofileMl30E3/search.json.mozlz4", (void 0)))
DevTools listening on ws://localhost:49983/devtools/browser/9948abc6-9558-41b1-9c9b-e8e6d8ec957f
1649699084645	Marionette	INFO	Listening on port 36597
1649699084660	RemoteAgent	WARN	TLS certificate errors will be ignored for this session
JavaScript error: https://www.compraspublicas.gob.ec/ProcesoContratacion/app/webroot/compras/js/lib/effects.js, line 229: TypeError: this.instances.get is not a function
console.warn: LoginRecipes: "getRecipes: falling back to a synchronous message for:" "https://www.compraspublicas.gob.ec"
console.warn: LoginRecipes: "getRecipes: falling back to a synchronous message for:" "https://www.compraspublicas.gob.ec"
JavaScript error: resource://gre/modules/LoginManagerParent.jsm, line 136: TypeError: gRecipeManager is null
JavaScript warning: https://www.compraspublicas.gob.ec/ProcesoContratacion/compras/js/lib/jquery.js, line 19: unreachable code after return statement
JavaScript warning: https://www.compraspublicas.gob.ec/ProcesoContratacion/compras/js/lib/jquery.js, line 19: unreachable code after return statement
JavaScript error: https://www.compraspublicas.gob.ec/ProcesoContratacion/compras/EP/home.cpe, line 209: TypeError: $(...) is null
JavaScript error: https://www.compraspublicas.gob.ec/ProcesoContratacion/compras/EP/home.cpe, line 217: TypeError: $(...) is null
1649699333200	geckodriver	INFO	Listening on 127.0.0.1:40363
1649699333203	mozrunner::runner	INFO	Running command: "/usr/bin/firefox" "--marionette" "-headless" "--remote-debugging-port" "60067" "-no-remote" "-profile" "/tmp/rust_mozprofileLltoOe"
*** You are running in headless mode.
1649699333445	Marionette	INFO	Marionette enabled
[GFX1-]: RenderCompositorSWGL failed mapping default framebuffer, no dt
console.warn: SearchSettings: "get: No settings file exists, new profile?" (new NotFoundError("Could not open the file at /tmp/rust_mozprofileLltoOe/search.json.mozlz4", (void 0)))
DevTools listening on ws://localhost:60067/devtools/browser/94a3bd13-9742-4a8d-ae64-7f171cf8a9fa
1649699334080	Marionette	INFO	Listening on port 44285
1649699334127	RemoteAgent	WARN	TLS certificate errors will be ignored for this session
JavaScript error: https://www.compraspublicas.gob.ec/ProcesoContratacion/app/webroot/compras/js/lib/effects.js, line 229: TypeError: this.instances.get is not a function
console.warn: LoginRecipes: "getRecipes: falling back to a synchronous message for:" "https://www.compraspublicas.gob.ec"
console.warn: LoginRecipes: "getRecipes: falling back to a synchronous message for:" "https://www.compraspublicas.gob.ec"
JavaScript error: resource://gre/modules/LoginManagerParent.jsm, line 136: TypeError: gRecipeManager is null
JavaScript warning: https://www.compraspublicas.gob.ec/ProcesoContratacion/compras/js/lib/jquery.js, line 19: unreachable code after return statement
JavaScript warning: https://www.compraspublicas.gob.ec/ProcesoContratacion/compras/js/lib/jquery.js, line 19: unreachable code after return statement
JavaScript error: https://www.compraspublicas.gob.ec/ProcesoContratacion/compras/EP/home.cpe, line 209: TypeError: $(...) is null
1649699366691	Marionette	INFO	Stopped listening on port 44285

###!!! [Parent][PImageBridgeParent] Error: RunMessage(msgname=PImageBridge::Msg_WillClose) Channel closing: too late to send/recv, messages will be lost

1649700063730	geckodriver	INFO	Listening on 127.0.0.1:33619
1649700063732	mozrunner::runner	INFO	Running command: "/usr/bin/firefox" "--marionette" "-headless" "--remote-debugging-port" "54819" "-no-remote" "-profile" "/tmp/rust_mozprofileSoB4Jw"
*** You are running in headless mode.
1649700063953	Marionette	INFO	Marionette enabled
[GFX1-]: RenderCompositorSWGL failed mapping default framebuffer, no dt
console.warn: SearchSettings: "get: No settings file exists, new profile?" (new NotFoundError("Could not open the file at /tmp/rust_mozprofileSoB4Jw/search.json.mozlz4", (void 0)))
DevTools listening on ws://localhost:54819/devtools/browser/42ff003d-b82a-4b89-9b29-d363ffdb31e8
1649700064584	Marionette	INFO	Listening on port 44955
1649700064644	RemoteAgent	WARN	TLS certificate errors will be ignored for this session
JavaScript error: https://www.compraspublicas.gob.ec/ProcesoContratacion/app/webroot/compras/js/lib/effects.js, line 229: TypeError: this.instances.get is not a function
console.warn: LoginRecipes: "getRecipes: falling back to a synchronous message for:" "https://www.compraspublicas.gob.ec"
console.warn: LoginRecipes: "getRecipes: falling back to a synchronous message for:" "https://www.compraspublicas.gob.ec"
JavaScript error: resource://gre/modules/LoginManagerParent.jsm, line 136: TypeError: gRecipeManager is null
JavaScript warning: https://www.compraspublicas.gob.ec/ProcesoContratacion/compras/js/lib/jquery.js, line 19: unreachable code after return statement
JavaScript warning: https://www.compraspublicas.gob.ec/ProcesoContratacion/compras/js/lib/jquery.js, line 19: unreachable code after return statement
JavaScript error: https://www.compraspublicas.gob.ec/ProcesoContratacion/compras/EP/home.cpe, line 209: TypeError: $(...) is null
1649700086339	Marionette	INFO	Stopped listening on port 44955

###!!! [Parent][PImageBridgeParent] Error: RunMessage(msgname=PImageBridge::Msg_WillClose) Channel closing: too late to send/recv, messages will be lost

1649700203904	geckodriver	INFO	Listening on 127.0.0.1:37023
1649700203907	mozrunner::runner	INFO	Running command: "/usr/bin/firefox" "--marionette" "-headless" "--remote-debugging-port" "49217" "-no-remote" "-profile" "/tmp/rust_mozprofilefr4e2y"
*** You are running in headless mode.
1649700204157	Marionette	INFO	Marionette enabled
[GFX1-]: RenderCompositorSWGL failed mapping default framebuffer, no dt
console.warn: SearchSettings: "get: No settings file exists, new profile?" (new NotFoundError("Could not open the file at /tmp/rust_mozprofilefr4e2y/search.json.mozlz4", (void 0)))
DevTools listening on ws://localhost:49217/devtools/browser/827094f7-9fb2-470d-88d9-ca9ac5050e7f
1649700204808	Marionette	INFO	Listening on port 42733
1649700204825	RemoteAgent	WARN	TLS certificate errors will be ignored for this session
JavaScript error: https://www.compraspublicas.gob.ec/ProcesoContratacion/app/webroot/compras/js/lib/effects.js, line 229: TypeError: this.instances.get is not a function
console.warn: LoginRecipes: "getRecipes: falling back to a synchronous message for:" "https://www.compraspublicas.gob.ec"
console.warn: LoginRecipes: "getRecipes: falling back to a synchronous message for:" "https://www.compraspublicas.gob.ec"
JavaScript error: resource://gre/modules/LoginManagerParent.jsm, line 136: TypeError: gRecipeManager is null
JavaScript warning: https://www.compraspublicas.gob.ec/ProcesoContratacion/compras/js/lib/jquery.js, line 19: unreachable code after return statement
JavaScript warning: https://www.compraspublicas.gob.ec/ProcesoContratacion/compras/js/lib/jquery.js, line 19: unreachable code after return statement
JavaScript error: https://www.compraspublicas.gob.ec/ProcesoContratacion/compras/EP/home.cpe, line 209: TypeError: $(...) is null
JavaScript error: https://www.compraspublicas.gob.ec/ProcesoContratacion/compras/js/ProcesoContratacion/buscarProceso.js?1649700234, line 418: TypeError: $(...) is null
1649700235178	Marionette	INFO	Stopped listening on port 42733

###!!! [Parent][PImageBridgeParent] Error: RunMessage(msgname=PImageBridge::Msg_WillClose) Channel closing: too late to send/recv, messages will be lost

1649700459696	geckodriver	INFO	Listening on 127.0.0.1:59749
1649700459698	mozrunner::runner	INFO	Running command: "/usr/bin/firefox" "--marionette" "-headless" "--remote-debugging-port" "51639" "-no-remote" "-profile" "/tmp/rust_mozprofileABSip6"
*** You are running in headless mode.
1649700459920	Marionette	INFO	Marionette enabled
[GFX1-]: RenderCompositorSWGL failed mapping default framebuffer, no dt
console.warn: SearchSettings: "get: No settings file exists, new profile?" (new NotFoundError("Could not open the file at /tmp/rust_mozprofileABSip6/search.json.mozlz4", (void 0)))
DevTools listening on ws://localhost:51639/devtools/browser/5031c58b-ce41-4248-ab94-61946bc28ae9
1649700460577	Marionette	INFO	Listening on port 45247
1649700460618	RemoteAgent	WARN	TLS certificate errors will be ignored for this session
JavaScript error: https://www.compraspublicas.gob.ec/ProcesoContratacion/app/webroot/compras/js/lib/effects.js, line 229: TypeError: this.instances.get is not a function
console.warn: LoginRecipes: "getRecipes: falling back to a synchronous message for:" "https://www.compraspublicas.gob.ec"
console.warn: LoginRecipes: "getRecipes: falling back to a synchronous message for:" "https://www.compraspublicas.gob.ec"
JavaScript error: resource://gre/modules/LoginManagerParent.jsm, line 136: TypeError: gRecipeManager is null
JavaScript warning: https://www.compraspublicas.gob.ec/ProcesoContratacion/compras/js/lib/jquery.js, line 19: unreachable code after return statement
JavaScript warning: https://www.compraspublicas.gob.ec/ProcesoContratacion/compras/js/lib/jquery.js, line 19: unreachable code after return statement
JavaScript error: https://www.compraspublicas.gob.ec/ProcesoContratacion/compras/EP/home.cpe, line 209: TypeError: $(...) is null
JavaScript error: https://www.compraspublicas.gob.ec/ProcesoContratacion/compras/js/ProcesoContratacion/buscarProceso.js?1649700486, line 418: TypeError: $(...) is null
1649700488516	Marionette	INFO	Stopped listening on port 45247

###!!! [Parent][PImageBridgeParent] Error: RunMessage(msgname=PImageBridge::Msg_WillClose) Channel closing: too late to send/recv, messages will be lost

1649700504372	geckodriver	INFO	Listening on 127.0.0.1:58055
1649700504375	mozrunner::runner	INFO	Running command: "/usr/bin/firefox" "--marionette" "-headless" "--remote-debugging-port" "56023" "-no-remote" "-profile" "/tmp/rust_mozprofileaMBSA2"
*** You are running in headless mode.
1649700504633	Marionette	INFO	Marionette enabled
[GFX1-]: RenderCompositorSWGL failed mapping default framebuffer, no dt
console.warn: SearchSettings: "get: No settings file exists, new profile?" (new NotFoundError("Could not open the file at /tmp/rust_mozprofileaMBSA2/search.json.mozlz4", (void 0)))
DevTools listening on ws://localhost:56023/devtools/browser/b80ad879-0931-4437-9d3d-f6f74e89a8b0
1649700505277	Marionette	INFO	Listening on port 40015
1649700505386	RemoteAgent	WARN	TLS certificate errors will be ignored for this session
JavaScript error: https://www.compraspublicas.gob.ec/ProcesoContratacion/app/webroot/compras/js/lib/effects.js, line 229: TypeError: this.instances.get is not a function
console.warn: LoginRecipes: "getRecipes: falling back to a synchronous message for:" "https://www.compraspublicas.gob.ec"
console.warn: LoginRecipes: "getRecipes: falling back to a synchronous message for:" "https://www.compraspublicas.gob.ec"
JavaScript error: resource://gre/modules/LoginManagerParent.jsm, line 136: TypeError: gRecipeManager is null
JavaScript warning: https://www.compraspublicas.gob.ec/ProcesoContratacion/compras/js/lib/jquery.js, line 19: unreachable code after return statement
JavaScript warning: https://www.compraspublicas.gob.ec/ProcesoContratacion/compras/js/lib/jquery.js, line 19: unreachable code after return statement
JavaScript error: https://www.compraspublicas.gob.ec/ProcesoContratacion/compras/EP/home.cpe, line 209: TypeError: $(...) is null
JavaScript error: https://www.compraspublicas.gob.ec/ProcesoContratacion/compras/EP/home.cpe, line 217: TypeError: $(...) is null
1649700660166	geckodriver	INFO	Listening on 127.0.0.1:60543
1649700660168	mozrunner::runner	INFO	Running command: "/usr/bin/firefox" "--marionette" "-headless" "--remote-debugging-port" "51309" "-no-remote" "-profile" "/tmp/rust_mozprofilesWPySw"
*** You are running in headless mode.
1649700660423	Marionette	INFO	Marionette enabled
[GFX1-]: RenderCompositorSWGL failed mapping default framebuffer, no dt
console.warn: SearchSettings: "get: No settings file exists, new profile?" (new NotFoundError("Could not open the file at /tmp/rust_mozprofilesWPySw/search.json.mozlz4", (void 0)))
DevTools listening on ws://localhost:51309/devtools/browser/966e1aff-cbc5-4670-9665-84203594e4e7
1649700661168	Marionette	INFO	Listening on port 35035
1649700661179	RemoteAgent	WARN	TLS certificate errors will be ignored for this session
JavaScript error: https://www.compraspublicas.gob.ec/ProcesoContratacion/app/webroot/compras/js/lib/effects.js, line 229: TypeError: this.instances.get is not a function
console.warn: LoginRecipes: "getRecipes: falling back to a synchronous message for:" "https://www.compraspublicas.gob.ec"
console.warn: LoginRecipes: "getRecipes: falling back to a synchronous message for:" "https://www.compraspublicas.gob.ec"
JavaScript error: resource://gre/modules/LoginManagerParent.jsm, line 136: TypeError: gRecipeManager is null
JavaScript warning: https://www.compraspublicas.gob.ec/ProcesoContratacion/compras/js/lib/jquery.js, line 19: unreachable code after return statement
JavaScript warning: https://www.compraspublicas.gob.ec/ProcesoContratacion/compras/js/lib/jquery.js, line 19: unreachable code after return statement
JavaScript error: https://www.compraspublicas.gob.ec/ProcesoContratacion/compras/EP/home.cpe, line 209: TypeError: $(...) is null
JavaScript error: https://www.compraspublicas.gob.ec/ProcesoContratacion/compras/js/ProcesoContratacion/buscarProceso.js?1649700709, line 418: TypeError: $(...) is null
1649700721646	Marionette	INFO	Stopped listening on port 35035

###!!! [Parent][PImageBridgeParent] Error: RunMessage(msgname=PImageBridge::Msg_WillClose) Channel closing: too late to send/recv, messages will be lost

1649701107177	geckodriver	INFO	Listening on 127.0.0.1:51421
1649701107179	mozrunner::runner	INFO	Running command: "/usr/bin/firefox" "--marionette" "-headless" "--remote-debugging-port" "44251" "-no-remote" "-profile" "/tmp/rust_mozprofileUseZs9"
*** You are running in headless mode.
1649701107406	Marionette	INFO	Marionette enabled
[GFX1-]: RenderCompositorSWGL failed mapping default framebuffer, no dt
console.warn: SearchSettings: "get: No settings file exists, new profile?" (new NotFoundError("Could not open the file at /tmp/rust_mozprofileUseZs9/search.json.mozlz4", (void 0)))
DevTools listening on ws://localhost:44251/devtools/browser/6fc2175b-fa61-4985-9683-ec34dcb3ad66
1649701108046	Marionette	INFO	Listening on port 45495
1649701108098	RemoteAgent	WARN	TLS certificate errors will be ignored for this session
JavaScript error: https://www.compraspublicas.gob.ec/ProcesoContratacion/app/webroot/compras/js/lib/effects.js, line 229: TypeError: this.instances.get is not a function
console.warn: LoginRecipes: "getRecipes: falling back to a synchronous message for:" "https://www.compraspublicas.gob.ec"
console.warn: LoginRecipes: "getRecipes: falling back to a synchronous message for:" "https://www.compraspublicas.gob.ec"
JavaScript error: resource://gre/modules/LoginManagerParent.jsm, line 136: TypeError: gRecipeManager is null
JavaScript warning: https://www.compraspublicas.gob.ec/ProcesoContratacion/compras/js/lib/jquery.js, line 19: unreachable code after return statement
JavaScript warning: https://www.compraspublicas.gob.ec/ProcesoContratacion/compras/js/lib/jquery.js, line 19: unreachable code after return statement
JavaScript error: https://www.compraspublicas.gob.ec/ProcesoContratacion/compras/EP/home.cpe, line 209: TypeError: $(...) is null
JavaScript error: https://www.compraspublicas.gob.ec/ProcesoContratacion/compras/js/ProcesoContratacion/buscarProceso.js?1649701134, line 418: TypeError: $(...) is null
1649701148174	Marionette	INFO	Stopped listening on port 45495

###!!! [Parent][PImageBridgeParent] Error: RunMessage(msgname=PImageBridge::Msg_WillClose) Channel closing: too late to send/recv, messages will be lost

1649701175727	geckodriver	INFO	Listening on 127.0.0.1:49921
1649701175730	mozrunner::runner	INFO	Running command: "/usr/bin/firefox" "--marionette" "-headless" "--remote-debugging-port" "59961" "-no-remote" "-profile" "/tmp/rust_mozprofileTvVYOb"
*** You are running in headless mode.
1649701175960	Marionette	INFO	Marionette enabled
[GFX1-]: RenderCompositorSWGL failed mapping default framebuffer, no dt
console.warn: SearchSettings: "get: No settings file exists, new profile?" (new NotFoundError("Could not open the file at /tmp/rust_mozprofileTvVYOb/search.json.mozlz4", (void 0)))
DevTools listening on ws://localhost:59961/devtools/browser/a4f0fe55-8ec5-4c26-b8a0-7c29e2f078a5
1649701176594	Marionette	INFO	Listening on port 38013
1649701176643	RemoteAgent	WARN	TLS certificate errors will be ignored for this session
JavaScript error: https://www.compraspublicas.gob.ec/ProcesoContratacion/app/webroot/compras/js/lib/effects.js, line 229: TypeError: this.instances.get is not a function
console.warn: LoginRecipes: "getRecipes: falling back to a synchronous message for:" "https://www.compraspublicas.gob.ec"
console.warn: LoginRecipes: "getRecipes: falling back to a synchronous message for:" "https://www.compraspublicas.gob.ec"
JavaScript error: resource://gre/modules/LoginManagerParent.jsm, line 136: TypeError: gRecipeManager is null
JavaScript warning: https://www.compraspublicas.gob.ec/ProcesoContratacion/compras/js/lib/jquery.js, line 19: unreachable code after return statement
JavaScript warning: https://www.compraspublicas.gob.ec/ProcesoContratacion/compras/js/lib/jquery.js, line 19: unreachable code after return statement
JavaScript error: https://www.compraspublicas.gob.ec/ProcesoContratacion/compras/EP/home.cpe, line 209: TypeError: $(...) is null
JavaScript error: https://www.compraspublicas.gob.ec/ProcesoContratacion/compras/js/ProcesoContratacion/buscarProceso.js?1649701207, line 418: TypeError: $(...) is null
1649701219414	Marionette	INFO	Stopped listening on port 38013

###!!! [Parent][PImageBridgeParent] Error: RunMessage(msgname=PImageBridge::Msg_WillClose) Channel closing: too late to send/recv, messages will be lost

1649701339156	geckodriver	INFO	Listening on 127.0.0.1:35163
1649701339158	mozrunner::runner	INFO	Running command: "/usr/bin/firefox" "--marionette" "-headless" "--remote-debugging-port" "59321" "-no-remote" "-profile" "/tmp/rust_mozprofileFAbhSA"
*** You are running in headless mode.
1649701339402	Marionette	INFO	Marionette enabled
[GFX1-]: RenderCompositorSWGL failed mapping default framebuffer, no dt
console.warn: SearchSettings: "get: No settings file exists, new profile?" (new NotFoundError("Could not open the file at /tmp/rust_mozprofileFAbhSA/search.json.mozlz4", (void 0)))
DevTools listening on ws://localhost:59321/devtools/browser/14717bf4-7628-4060-9e6c-6a49352c86b3
1649701340036	Marionette	INFO	Listening on port 41707
1649701340074	RemoteAgent	WARN	TLS certificate errors will be ignored for this session
JavaScript error: https://www.compraspublicas.gob.ec/ProcesoContratacion/app/webroot/compras/js/lib/effects.js, line 229: TypeError: this.instances.get is not a function
console.warn: LoginRecipes: "getRecipes: falling back to a synchronous message for:" "https://www.compraspublicas.gob.ec"
console.warn: LoginRecipes: "getRecipes: falling back to a synchronous message for:" "https://www.compraspublicas.gob.ec"
JavaScript error: resource://gre/modules/LoginManagerParent.jsm, line 136: TypeError: gRecipeManager is null
JavaScript warning: https://www.compraspublicas.gob.ec/ProcesoContratacion/compras/js/lib/jquery.js, line 19: unreachable code after return statement
JavaScript warning: https://www.compraspublicas.gob.ec/ProcesoContratacion/compras/js/lib/jquery.js, line 19: unreachable code after return statement
JavaScript error: https://www.compraspublicas.gob.ec/ProcesoContratacion/compras/EP/home.cpe, line 209: TypeError: $(...) is null
JavaScript error: https://www.compraspublicas.gob.ec/ProcesoContratacion/compras/js/ProcesoContratacion/buscarProceso.js?1649701369, line 418: TypeError: $(...) is null
1649701382545	Marionette	INFO	Stopped listening on port 41707

###!!! [Parent][PImageBridgeParent] Error: RunMessage(msgname=PImageBridge::Msg_WillClose) Channel closing: too late to send/recv, messages will be lost

1649701709725	geckodriver	INFO	Listening on 127.0.0.1:43087
1649701709728	mozrunner::runner	INFO	Running command: "/usr/bin/firefox" "--marionette" "-headless" "--remote-debugging-port" "47869" "-no-remote" "-profile" "/tmp/rust_mozprofile52NooN"
*** You are running in headless mode.
1649701709954	Marionette	INFO	Marionette enabled
[GFX1-]: RenderCompositorSWGL failed mapping default framebuffer, no dt
console.warn: SearchSettings: "get: No settings file exists, new profile?" (new NotFoundError("Could not open the file at /tmp/rust_mozprofile52NooN/search.json.mozlz4", (void 0)))
DevTools listening on ws://localhost:47869/devtools/browser/a0e92b84-91f3-449d-8081-b903620a8de8
1649701710671	Marionette	INFO	Listening on port 34229
1649701710739	RemoteAgent	WARN	TLS certificate errors will be ignored for this session
JavaScript error: https://www.compraspublicas.gob.ec/ProcesoContratacion/app/webroot/compras/js/lib/effects.js, line 229: TypeError: this.instances.get is not a function
console.warn: LoginRecipes: "getRecipes: falling back to a synchronous message for:" "https://www.compraspublicas.gob.ec"
console.warn: LoginRecipes: "getRecipes: falling back to a synchronous message for:" "https://www.compraspublicas.gob.ec"
JavaScript error: resource://gre/modules/LoginManagerParent.jsm, line 136: TypeError: gRecipeManager is null
JavaScript warning: https://www.compraspublicas.gob.ec/ProcesoContratacion/compras/js/lib/jquery.js, line 19: unreachable code after return statement
JavaScript warning: https://www.compraspublicas.gob.ec/ProcesoContratacion/compras/js/lib/jquery.js, line 19: unreachable code after return statement
JavaScript error: https://www.compraspublicas.gob.ec/ProcesoContratacion/compras/EP/home.cpe, line 209: TypeError: $(...) is null
JavaScript error: https://www.compraspublicas.gob.ec/ProcesoContratacion/compras/js/ProcesoContratacion/buscarProceso.js?1649701738, line 418: TypeError: $(...) is null
1649701751672	Marionette	INFO	Stopped listening on port 34229

###!!! [Parent][PImageBridgeParent] Error: RunMessage(msgname=PImageBridge::Msg_WillClose) Channel closing: too late to send/recv, messages will be lost

1649701794196	geckodriver	INFO	Listening on 127.0.0.1:49659
1649701794199	mozrunner::runner	INFO	Running command: "/usr/bin/firefox" "--marionette" "-headless" "--remote-debugging-port" "34543" "-no-remote" "-profile" "/tmp/rust_mozprofileUecdw6"
*** You are running in headless mode.
1649701794429	Marionette	INFO	Marionette enabled
[GFX1-]: RenderCompositorSWGL failed mapping default framebuffer, no dt
console.warn: SearchSettings: "get: No settings file exists, new profile?" (new NotFoundError("Could not open the file at /tmp/rust_mozprofileUecdw6/search.json.mozlz4", (void 0)))
DevTools listening on ws://localhost:34543/devtools/browser/1eb29695-8e2d-488a-8445-bb25673417b4
1649701795068	Marionette	INFO	Listening on port 38055
1649701795117	RemoteAgent	WARN	TLS certificate errors will be ignored for this session
JavaScript error: https://www.compraspublicas.gob.ec/ProcesoContratacion/app/webroot/compras/js/lib/effects.js, line 229: TypeError: this.instances.get is not a function
console.warn: LoginRecipes: "getRecipes: falling back to a synchronous message for:" "https://www.compraspublicas.gob.ec"
console.warn: LoginRecipes: "getRecipes: falling back to a synchronous message for:" "https://www.compraspublicas.gob.ec"
JavaScript error: resource://gre/modules/LoginManagerParent.jsm, line 136: TypeError: gRecipeManager is null
JavaScript warning: https://www.compraspublicas.gob.ec/ProcesoContratacion/compras/js/lib/jquery.js, line 19: unreachable code after return statement
JavaScript warning: https://www.compraspublicas.gob.ec/ProcesoContratacion/compras/js/lib/jquery.js, line 19: unreachable code after return statement
JavaScript error: https://www.compraspublicas.gob.ec/ProcesoContratacion/compras/EP/home.cpe, line 209: TypeError: $(...) is null
JavaScript error: https://www.compraspublicas.gob.ec/ProcesoContratacion/compras/js/ProcesoContratacion/buscarProceso.js?1649701821, line 418: TypeError: $(...) is null
1649701834858	Marionette	INFO	Stopped listening on port 38055

###!!! [Parent][PImageBridgeParent] Error: RunMessage(msgname=PImageBridge::Msg_WillClose) Channel closing: too late to send/recv, messages will be lost

1649703171743	geckodriver	INFO	Listening on 127.0.0.1:47407
1649703171746	mozrunner::runner	INFO	Running command: "/usr/bin/firefox" "--marionette" "-headless" "--remote-debugging-port" "52965" "-no-remote" "-profile" "/tmp/rust_mozprofilen1C5rS"
*** You are running in headless mode.
1649703172007	Marionette	INFO	Marionette enabled
[GFX1-]: RenderCompositorSWGL failed mapping default framebuffer, no dt
console.warn: SearchSettings: "get: No settings file exists, new profile?" (new NotFoundError("Could not open the file at /tmp/rust_mozprofilen1C5rS/search.json.mozlz4", (void 0)))
DevTools listening on ws://localhost:52965/devtools/browser/fecc3587-19f8-49ec-bb9e-24a0ee8a28c7
1649703172664	Marionette	INFO	Listening on port 33573
1649703172760	RemoteAgent	WARN	TLS certificate errors will be ignored for this session
JavaScript error: https://www.compraspublicas.gob.ec/ProcesoContratacion/app/webroot/compras/js/lib/effects.js, line 229: TypeError: this.instances.get is not a function
console.warn: LoginRecipes: "getRecipes: falling back to a synchronous message for:" "https://www.compraspublicas.gob.ec"
console.warn: LoginRecipes: "getRecipes: falling back to a synchronous message for:" "https://www.compraspublicas.gob.ec"
JavaScript error: resource://gre/modules/LoginManagerParent.jsm, line 136: TypeError: gRecipeManager is null
JavaScript warning: https://www.compraspublicas.gob.ec/ProcesoContratacion/compras/js/lib/jquery.js, line 19: unreachable code after return statement
JavaScript warning: https://www.compraspublicas.gob.ec/ProcesoContratacion/compras/js/lib/jquery.js, line 19: unreachable code after return statement
JavaScript error: https://www.compraspublicas.gob.ec/ProcesoContratacion/compras/EP/home.cpe, line 209: TypeError: $(...) is null
JavaScript error: https://www.compraspublicas.gob.ec/ProcesoContratacion/compras/js/ProcesoContratacion/buscarProceso.js?1649703204, line 418: TypeError: $(...) is null
1649703217692	Marionette	INFO	Stopped listening on port 33573

###!!! [Parent][PImageBridgeParent] Error: RunMessage(msgname=PImageBridge::Msg_WillClose) Channel closing: too late to send/recv, messages will be lost

1649703219861	geckodriver	INFO	Listening on 127.0.0.1:47595
1649703219867	mozrunner::runner	INFO	Running command: "/usr/bin/firefox" "--marionette" "-headless" "--remote-debugging-port" "53339" "-no-remote" "-profile" "/tmp/rust_mozprofilepVYPOb"
*** You are running in headless mode.
1649703220127	Marionette	INFO	Marionette enabled
[GFX1-]: RenderCompositorSWGL failed mapping default framebuffer, no dt
console.warn: SearchSettings: "get: No settings file exists, new profile?" (new NotFoundError("Could not open the file at /tmp/rust_mozprofilepVYPOb/search.json.mozlz4", (void 0)))
DevTools listening on ws://localhost:53339/devtools/browser/45c5e957-feb9-4a61-a2ec-a939d826d393
1649703220845	Marionette	INFO	Listening on port 46047
1649703220882	RemoteAgent	WARN	TLS certificate errors will be ignored for this session
JavaScript error: https://www.compraspublicas.gob.ec/ProcesoContratacion/app/webroot/compras/js/lib/effects.js, line 229: TypeError: this.instances.get is not a function
console.warn: LoginRecipes: "getRecipes: falling back to a synchronous message for:" "https://www.compraspublicas.gob.ec"
console.warn: LoginRecipes: "getRecipes: falling back to a synchronous message for:" "https://www.compraspublicas.gob.ec"
JavaScript error: resource://gre/modules/LoginManagerParent.jsm, line 136: TypeError: gRecipeManager is null
JavaScript warning: https://www.compraspublicas.gob.ec/ProcesoContratacion/compras/js/lib/jquery.js, line 19: unreachable code after return statement
JavaScript warning: https://www.compraspublicas.gob.ec/ProcesoContratacion/compras/js/lib/jquery.js, line 19: unreachable code after return statement
JavaScript error: https://www.compraspublicas.gob.ec/ProcesoContratacion/compras/EP/home.cpe, line 209: TypeError: $(...) is null
JavaScript error: https://www.compraspublicas.gob.ec/ProcesoContratacion/compras/js/ProcesoContratacion/buscarProceso.js?1649703251, line 418: TypeError: $(...) is null
1649703264574	Marionette	INFO	Stopped listening on port 46047

###!!! [Parent][PImageBridgeParent] Error: RunMessage(msgname=PImageBridge::Msg_WillClose) Channel closing: too late to send/recv, messages will be lost

1649703921012	geckodriver	INFO	Listening on 127.0.0.1:45537
1649703921014	mozrunner::runner	INFO	Running command: "/usr/bin/firefox" "--marionette" "-headless" "--remote-debugging-port" "55971" "-no-remote" "-profile" "/tmp/rust_mozprofile5keNdP"
*** You are running in headless mode.
1649703921267	Marionette	INFO	Marionette enabled
[GFX1-]: RenderCompositorSWGL failed mapping default framebuffer, no dt
console.warn: SearchSettings: "get: No settings file exists, new profile?" (new NotFoundError("Could not open the file at /tmp/rust_mozprofile5keNdP/search.json.mozlz4", (void 0)))
DevTools listening on ws://localhost:55971/devtools/browser/17561c9c-1e49-4e4e-b964-3f44c80bf7df
1649703921949	Marionette	INFO	Listening on port 44457
1649703922027	RemoteAgent	WARN	TLS certificate errors will be ignored for this session
JavaScript error: https://www.compraspublicas.gob.ec/ProcesoContratacion/app/webroot/compras/js/lib/effects.js, line 229: TypeError: this.instances.get is not a function
console.warn: LoginRecipes: "getRecipes: falling back to a synchronous message for:" "https://www.compraspublicas.gob.ec"
console.warn: LoginRecipes: "getRecipes: falling back to a synchronous message for:" "https://www.compraspublicas.gob.ec"
JavaScript error: resource://gre/modules/LoginManagerParent.jsm, line 136: TypeError: gRecipeManager is null
JavaScript warning: https://www.compraspublicas.gob.ec/ProcesoContratacion/compras/js/lib/jquery.js, line 19: unreachable code after return statement
JavaScript warning: https://www.compraspublicas.gob.ec/ProcesoContratacion/compras/js/lib/jquery.js, line 19: unreachable code after return statement
JavaScript error: https://www.compraspublicas.gob.ec/ProcesoContratacion/compras/EP/home.cpe, line 209: TypeError: $(...) is null
JavaScript error: https://www.compraspublicas.gob.ec/ProcesoContratacion/compras/js/ProcesoContratacion/buscarProceso.js?1649703955, line 418: TypeError: $(...) is null
1649703970437	Marionette	INFO	Stopped listening on port 44457

###!!! [Parent][PImageBridgeParent] Error: RunMessage(msgname=PImageBridge::Msg_WillClose) Channel closing: too late to send/recv, messages will be lost

1649704048953	geckodriver	INFO	Listening on 127.0.0.1:52165
1649704048957	mozrunner::runner	INFO	Running command: "/usr/bin/firefox" "--marionette" "-headless" "--remote-debugging-port" "58019" "-no-remote" "-profile" "/tmp/rust_mozprofileMOhiPf"
*** You are running in headless mode.
1649704049193	Marionette	INFO	Marionette enabled
[GFX1-]: RenderCompositorSWGL failed mapping default framebuffer, no dt
console.warn: SearchSettings: "get: No settings file exists, new profile?" (new NotFoundError("Could not open the file at /tmp/rust_mozprofileMOhiPf/search.json.mozlz4", (void 0)))
DevTools listening on ws://localhost:58019/devtools/browser/e3f1b1fe-3b08-438c-a7e6-20d6996c900f
1649704049834	Marionette	INFO	Listening on port 34967
1649704049870	RemoteAgent	WARN	TLS certificate errors will be ignored for this session
JavaScript error: https://www.compraspublicas.gob.ec/ProcesoContratacion/app/webroot/compras/js/lib/effects.js, line 229: TypeError: this.instances.get is not a function
console.warn: LoginRecipes: "getRecipes: falling back to a synchronous message for:" "https://www.compraspublicas.gob.ec"
console.warn: LoginRecipes: "getRecipes: falling back to a synchronous message for:" "https://www.compraspublicas.gob.ec"
JavaScript error: resource://gre/modules/LoginManagerParent.jsm, line 136: TypeError: gRecipeManager is null
JavaScript warning: https://www.compraspublicas.gob.ec/ProcesoContratacion/compras/js/lib/jquery.js, line 19: unreachable code after return statement
JavaScript warning: https://www.compraspublicas.gob.ec/ProcesoContratacion/compras/js/lib/jquery.js, line 19: unreachable code after return statement
JavaScript error: https://www.compraspublicas.gob.ec/ProcesoContratacion/compras/EP/home.cpe, line 209: TypeError: $(...) is null
JavaScript error: https://www.compraspublicas.gob.ec/ProcesoContratacion/compras/js/ProcesoContratacion/buscarProceso.js?1649704077, line 418: TypeError: $(...) is null
1649704090006	Marionette	INFO	Stopped listening on port 34967

###!!! [Parent][PImageBridgeParent] Error: RunMessage(msgname=PImageBridge::Msg_WillClose) Channel closing: too late to send/recv, messages will be lost

1649704146102	geckodriver	INFO	Listening on 127.0.0.1:47331
1649704146105	mozrunner::runner	INFO	Running command: "/usr/bin/firefox" "--marionette" "-headless" "--remote-debugging-port" "39501" "-no-remote" "-profile" "/tmp/rust_mozprofileUOCXVN"
*** You are running in headless mode.
1649704146348	Marionette	INFO	Marionette enabled
[GFX1-]: RenderCompositorSWGL failed mapping default framebuffer, no dt
console.warn: SearchSettings: "get: No settings file exists, new profile?" (new NotFoundError("Could not open the file at /tmp/rust_mozprofileUOCXVN/search.json.mozlz4", (void 0)))
DevTools listening on ws://localhost:39501/devtools/browser/e55a92c9-f292-415c-8f34-53c3847b8573
1649704147025	Marionette	INFO	Listening on port 37517
1649704147119	RemoteAgent	WARN	TLS certificate errors will be ignored for this session
JavaScript error: https://www.compraspublicas.gob.ec/ProcesoContratacion/app/webroot/compras/js/lib/effects.js, line 229: TypeError: this.instances.get is not a function
console.warn: LoginRecipes: "getRecipes: falling back to a synchronous message for:" "https://www.compraspublicas.gob.ec"
console.warn: LoginRecipes: "getRecipes: falling back to a synchronous message for:" "https://www.compraspublicas.gob.ec"
JavaScript error: resource://gre/modules/LoginManagerParent.jsm, line 136: TypeError: gRecipeManager is null
JavaScript warning: https://www.compraspublicas.gob.ec/ProcesoContratacion/compras/js/lib/jquery.js, line 19: unreachable code after return statement
JavaScript warning: https://www.compraspublicas.gob.ec/ProcesoContratacion/compras/js/lib/jquery.js, line 19: unreachable code after return statement
JavaScript error: https://www.compraspublicas.gob.ec/ProcesoContratacion/compras/EP/home.cpe, line 209: TypeError: $(...) is null
JavaScript error: https://www.compraspublicas.gob.ec/ProcesoContratacion/compras/js/ProcesoContratacion/buscarProceso.js?1649704177, line 418: TypeError: $(...) is null
1649704192165	Marionette	INFO	Stopped listening on port 37517

###!!! [Parent][PImageBridgeParent] Error: RunMessage(msgname=PImageBridge::Msg_WillClose) Channel closing: too late to send/recv, messages will be lost

1649704214069	geckodriver	INFO	Listening on 127.0.0.1:44653
1649704214072	mozrunner::runner	INFO	Running command: "/usr/bin/firefox" "--marionette" "-headless" "--remote-debugging-port" "46441" "-no-remote" "-profile" "/tmp/rust_mozprofileOwa4vX"
*** You are running in headless mode.
1649704214323	Marionette	INFO	Marionette enabled
[GFX1-]: RenderCompositorSWGL failed mapping default framebuffer, no dt
console.warn: SearchSettings: "get: No settings file exists, new profile?" (new NotFoundError("Could not open the file at /tmp/rust_mozprofileOwa4vX/search.json.mozlz4", (void 0)))
DevTools listening on ws://localhost:46441/devtools/browser/980d4838-7de1-4210-906f-05d5cff1c3ee
1649704214949	Marionette	INFO	Listening on port 42075
1649704214982	RemoteAgent	WARN	TLS certificate errors will be ignored for this session
JavaScript error: https://www.compraspublicas.gob.ec/ProcesoContratacion/app/webroot/compras/js/lib/effects.js, line 229: TypeError: this.instances.get is not a function
console.warn: LoginRecipes: "getRecipes: falling back to a synchronous message for:" "https://www.compraspublicas.gob.ec"
console.warn: LoginRecipes: "getRecipes: falling back to a synchronous message for:" "https://www.compraspublicas.gob.ec"
JavaScript error: resource://gre/modules/LoginManagerParent.jsm, line 136: TypeError: gRecipeManager is null
JavaScript warning: https://www.compraspublicas.gob.ec/ProcesoContratacion/compras/js/lib/jquery.js, line 19: unreachable code after return statement
JavaScript warning: https://www.compraspublicas.gob.ec/ProcesoContratacion/compras/js/lib/jquery.js, line 19: unreachable code after return statement
JavaScript error: https://www.compraspublicas.gob.ec/ProcesoContratacion/compras/EP/home.cpe, line 209: TypeError: $(...) is null
JavaScript error: https://www.compraspublicas.gob.ec/ProcesoContratacion/compras/js/ProcesoContratacion/buscarProceso.js?1649704244, line 418: TypeError: $(...) is null
1649704263506	Marionette	INFO	Stopped listening on port 42075

###!!! [Parent][PImageBridgeParent] Error: RunMessage(msgname=PImageBridge::Msg_WillClose) Channel closing: too late to send/recv, messages will be lost

1649704699318	geckodriver	INFO	Listening on 127.0.0.1:32849
1649704699321	mozrunner::runner	INFO	Running command: "/usr/bin/firefox" "--marionette" "-headless" "--remote-debugging-port" "53637" "-no-remote" "-profile" "/tmp/rust_mozprofileQwlTts"
*** You are running in headless mode.
1649704699560	Marionette	INFO	Marionette enabled
[GFX1-]: RenderCompositorSWGL failed mapping default framebuffer, no dt
console.warn: SearchSettings: "get: No settings file exists, new profile?" (new NotFoundError("Could not open the file at /tmp/rust_mozprofileQwlTts/search.json.mozlz4", (void 0)))
DevTools listening on ws://localhost:53637/devtools/browser/019e5119-ab5d-4d23-93df-2ac641f6a1c5
1649704700212	Marionette	INFO	Listening on port 33457
1649704700232	RemoteAgent	WARN	TLS certificate errors will be ignored for this session
JavaScript error: https://www.compraspublicas.gob.ec/ProcesoContratacion/app/webroot/compras/js/lib/effects.js, line 229: TypeError: this.instances.get is not a function
console.warn: LoginRecipes: "getRecipes: falling back to a synchronous message for:" "https://www.compraspublicas.gob.ec"
console.warn: LoginRecipes: "getRecipes: falling back to a synchronous message for:" "https://www.compraspublicas.gob.ec"
JavaScript error: resource://gre/modules/LoginManagerParent.jsm, line 136: TypeError: gRecipeManager is null
JavaScript warning: https://www.compraspublicas.gob.ec/ProcesoContratacion/compras/js/lib/jquery.js, line 19: unreachable code after return statement
JavaScript warning: https://www.compraspublicas.gob.ec/ProcesoContratacion/compras/js/lib/jquery.js, line 19: unreachable code after return statement
JavaScript error: https://www.compraspublicas.gob.ec/ProcesoContratacion/compras/EP/home.cpe, line 209: TypeError: $(...) is null
JavaScript error: https://www.compraspublicas.gob.ec/ProcesoContratacion/compras/js/ProcesoContratacion/buscarProceso.js?1649704733, line 418: TypeError: $(...) is null
1649704746030	Marionette	INFO	Stopped listening on port 33457

###!!! [Parent][PImageBridgeParent] Error: RunMessage(msgname=PImageBridge::Msg_WillClose) Channel closing: too late to send/recv, messages will be lost

1649704808935	geckodriver	INFO	Listening on 127.0.0.1:48855
1649704808939	mozrunner::runner	INFO	Running command: "/usr/bin/firefox" "--marionette" "-headless" "--remote-debugging-port" "33451" "-no-remote" "-profile" "/tmp/rust_mozprofileUWyGnn"
*** You are running in headless mode.
1649704809177	Marionette	INFO	Marionette enabled
[GFX1-]: RenderCompositorSWGL failed mapping default framebuffer, no dt
console.warn: SearchSettings: "get: No settings file exists, new profile?" (new NotFoundError("Could not open the file at /tmp/rust_mozprofileUWyGnn/search.json.mozlz4", (void 0)))
DevTools listening on ws://localhost:33451/devtools/browser/79fb4e30-f076-42a5-badc-1656da400021
1649704809792	Marionette	INFO	Listening on port 43981
1649704809861	RemoteAgent	WARN	TLS certificate errors will be ignored for this session
JavaScript error: https://www.compraspublicas.gob.ec/ProcesoContratacion/app/webroot/compras/js/lib/effects.js, line 229: TypeError: this.instances.get is not a function
console.warn: LoginRecipes: "getRecipes: falling back to a synchronous message for:" "https://www.compraspublicas.gob.ec"
console.warn: LoginRecipes: "getRecipes: falling back to a synchronous message for:" "https://www.compraspublicas.gob.ec"
JavaScript error: resource://gre/modules/LoginManagerParent.jsm, line 136: TypeError: gRecipeManager is null
JavaScript warning: https://www.compraspublicas.gob.ec/ProcesoContratacion/compras/js/lib/jquery.js, line 19: unreachable code after return statement
JavaScript warning: https://www.compraspublicas.gob.ec/ProcesoContratacion/compras/js/lib/jquery.js, line 19: unreachable code after return statement
JavaScript error: https://www.compraspublicas.gob.ec/ProcesoContratacion/compras/EP/home.cpe, line 209: TypeError: $(...) is null
JavaScript error: https://www.compraspublicas.gob.ec/ProcesoContratacion/compras/js/ProcesoContratacion/buscarProceso.js?1649704839, line 418: TypeError: $(...) is null
1649704852113	Marionette	INFO	Stopped listening on port 43981

###!!! [Parent][PImageBridgeParent] Error: RunMessage(msgname=PImageBridge::Msg_WillClose) Channel closing: too late to send/recv, messages will be lost

1649704950395	geckodriver	INFO	Listening on 127.0.0.1:47633
1649704950399	mozrunner::runner	INFO	Running command: "/usr/bin/firefox" "--marionette" "-headless" "--remote-debugging-port" "57879" "-no-remote" "-profile" "/tmp/rust_mozprofileoS0JRF"
*** You are running in headless mode.
1649704950629	Marionette	INFO	Marionette enabled
[GFX1-]: RenderCompositorSWGL failed mapping default framebuffer, no dt
console.warn: SearchSettings: "get: No settings file exists, new profile?" (new NotFoundError("Could not open the file at /tmp/rust_mozprofileoS0JRF/search.json.mozlz4", (void 0)))
DevTools listening on ws://localhost:57879/devtools/browser/87aec5cb-2834-4bd4-a2ee-13962fa8db5a
1649704951303	Marionette	INFO	Listening on port 42561
1649704951409	RemoteAgent	WARN	TLS certificate errors will be ignored for this session
JavaScript error: https://www.compraspublicas.gob.ec/ProcesoContratacion/app/webroot/compras/js/lib/effects.js, line 229: TypeError: this.instances.get is not a function
console.warn: LoginRecipes: "getRecipes: falling back to a synchronous message for:" "https://www.compraspublicas.gob.ec"
console.warn: LoginRecipes: "getRecipes: falling back to a synchronous message for:" "https://www.compraspublicas.gob.ec"
JavaScript error: resource://gre/modules/LoginManagerParent.jsm, line 136: TypeError: gRecipeManager is null
JavaScript warning: https://www.compraspublicas.gob.ec/ProcesoContratacion/compras/js/lib/jquery.js, line 19: unreachable code after return statement
JavaScript warning: https://www.compraspublicas.gob.ec/ProcesoContratacion/compras/js/lib/jquery.js, line 19: unreachable code after return statement
JavaScript error: https://www.compraspublicas.gob.ec/ProcesoContratacion/compras/EP/home.cpe, line 209: TypeError: $(...) is null
JavaScript error: https://www.compraspublicas.gob.ec/ProcesoContratacion/compras/js/ProcesoContratacion/buscarProceso.js?1649704981, line 418: TypeError: $(...) is null
1649704996194	Marionette	INFO	Stopped listening on port 42561

###!!! [Parent][PImageBridgeParent] Error: RunMessage(msgname=PImageBridge::Msg_WillClose) Channel closing: too late to send/recv, messages will be lost

1649705083728	geckodriver	INFO	Listening on 127.0.0.1:37735
1649705083732	mozrunner::runner	INFO	Running command: "/usr/bin/firefox" "--marionette" "-headless" "--remote-debugging-port" "57921" "-no-remote" "-profile" "/tmp/rust_mozprofile1WTdnq"
*** You are running in headless mode.
1649705083966	Marionette	INFO	Marionette enabled
[GFX1-]: RenderCompositorSWGL failed mapping default framebuffer, no dt
console.warn: SearchSettings: "get: No settings file exists, new profile?" (new NotFoundError("Could not open the file at /tmp/rust_mozprofile1WTdnq/search.json.mozlz4", (void 0)))
DevTools listening on ws://localhost:57921/devtools/browser/a60dc0a9-639a-46da-b46a-d9affe9c456d
1649705084693	Marionette	INFO	Listening on port 33627
1649705084743	RemoteAgent	WARN	TLS certificate errors will be ignored for this session
JavaScript error: https://www.compraspublicas.gob.ec/ProcesoContratacion/app/webroot/compras/js/lib/effects.js, line 229: TypeError: this.instances.get is not a function
console.warn: LoginRecipes: "getRecipes: falling back to a synchronous message for:" "https://www.compraspublicas.gob.ec"
console.warn: LoginRecipes: "getRecipes: falling back to a synchronous message for:" "https://www.compraspublicas.gob.ec"
JavaScript error: resource://gre/modules/LoginManagerParent.jsm, line 136: TypeError: gRecipeManager is null
JavaScript warning: https://www.compraspublicas.gob.ec/ProcesoContratacion/compras/js/lib/jquery.js, line 19: unreachable code after return statement
JavaScript warning: https://www.compraspublicas.gob.ec/ProcesoContratacion/compras/js/lib/jquery.js, line 19: unreachable code after return statement
JavaScript error: https://www.compraspublicas.gob.ec/ProcesoContratacion/compras/EP/home.cpe, line 209: TypeError: $(...) is null
JavaScript error: https://www.compraspublicas.gob.ec/ProcesoContratacion/compras/js/ProcesoContratacion/buscarProceso.js?1649705117, line 418: TypeError: $(...) is null
1649705132585	Marionette	INFO	Stopped listening on port 33627

###!!! [Parent][PImageBridgeParent] Error: RunMessage(msgname=PImageBridge::Msg_WillClose) Channel closing: too late to send/recv, messages will be lost

1649705134668	geckodriver	INFO	Listening on 127.0.0.1:42933
1649705135175	mozrunner::runner	INFO	Running command: "/usr/bin/firefox" "--marionette" "-headless" "--remote-debugging-port" "50333" "-no-remote" "-profile" "/tmp/rust_mozprofileD6TV0P"
*** You are running in headless mode.
1649705135430	Marionette	INFO	Marionette enabled
[GFX1-]: RenderCompositorSWGL failed mapping default framebuffer, no dt
console.warn: SearchSettings: "get: No settings file exists, new profile?" (new NotFoundError("Could not open the file at /tmp/rust_mozprofileD6TV0P/search.json.mozlz4", (void 0)))
DevTools listening on ws://localhost:50333/devtools/browser/1d5b8563-b1f1-4c04-bf3e-90af3cdf0d85
1649705136121	Marionette	INFO	Listening on port 36631
1649705136187	RemoteAgent	WARN	TLS certificate errors will be ignored for this session
JavaScript error: https://www.compraspublicas.gob.ec/ProcesoContratacion/app/webroot/compras/js/lib/effects.js, line 229: TypeError: this.instances.get is not a function
console.warn: LoginRecipes: "getRecipes: falling back to a synchronous message for:" "https://www.compraspublicas.gob.ec"
console.warn: LoginRecipes: "getRecipes: falling back to a synchronous message for:" "https://www.compraspublicas.gob.ec"
JavaScript error: resource://gre/modules/LoginManagerParent.jsm, line 136: TypeError: gRecipeManager is null
JavaScript warning: https://www.compraspublicas.gob.ec/ProcesoContratacion/compras/js/lib/jquery.js, line 19: unreachable code after return statement
JavaScript warning: https://www.compraspublicas.gob.ec/ProcesoContratacion/compras/js/lib/jquery.js, line 19: unreachable code after return statement
JavaScript error: https://www.compraspublicas.gob.ec/ProcesoContratacion/compras/EP/home.cpe, line 209: TypeError: $(...) is null
JavaScript error: https://www.compraspublicas.gob.ec/ProcesoContratacion/compras/js/ProcesoContratacion/buscarProceso.js?1649705165, line 418: TypeError: $(...) is null
1649705177520	Marionette	INFO	Stopped listening on port 36631

###!!! [Parent][PImageBridgeParent] Error: RunMessage(msgname=PImageBridge::Msg_WillClose) Channel closing: too late to send/recv, messages will be lost

